Arguments: 
  C:\Program Files\nodejs\node.exe C:\Users\Diqqq\.node\corepack\yarn\1.22.15\bin\yarn.js login

PATH: 
  C:\Users\Diqqq\bin;C:\Program Files\Git\mingw64\bin;C:\Program Files\Git\usr\local\bin;C:\Program Files\Git\usr\bin;C:\Program Files\Git\usr\bin;C:\Program Files\Git\mingw64\bin;C:\Program Files\Git\usr\bin;C:\Users\Diqqq\bin;C:\Program Files (x86)\NVIDIA Corporation\PhysX\Common;C:\Program Files (x86)\Common Files\Oracle\Java\javapath;C:\WINDOWS\system32;C:\WINDOWS;C:\WINDOWS\System32\Wbem;C:\WINDOWS\System32\WindowsPowerShell\v1.0;C:\WINDOWS\System32\OpenSSH;C:\Program Files\Git\cmd;C:\Program Files\nodejs;C:\Users\Diqqq\AppData\Local\Microsoft\WindowsApps;C:\DIQQQ\Microsoft VS Code\bin;C:\Users\Diqqq\AppData\Roaming\npm;C:\Program Files\Git\usr\bin\vendor_perl;C:\Program Files\Git\usr\bin\core_perl

Yarn version: 
  1.22.15

Node version: 
  18.3.0

Platform: 
  win32 x64

Trace: 
  Error: canceled
      at Interface.<anonymous> (C:\Users\Diqqq\.node\corepack\yarn\1.22.15\lib\cli.js:137145:13)
      at Interface.emit (node:events:527:28)
      at [_ttyWrite] [as _ttyWrite] (node:internal/readline/interface:1123:18)
      at ReadStream.onkeypress (node:internal/readline/interface:272:20)
      at ReadStream.emit (node:events:527:28)
      at emitKeys (node:internal/readline/utils:358:14)
      at emitKeys.next (<anonymous>)
      at ReadStream.onData (node:internal/readline/emitKeypressEvents:64:36)
      at ReadStream.emit (node:events:527:28)
      at addChunk (node:internal/streams/readable:324:12)

npm manifest: 
  {
    "name": "my-first-cucumber-project",
    "version": "1.0.0",
    "main": "index.js",
    "author": "Damian",
    "license": "MIT",
    "devDependencies": {
      "@wdio/allure-reporter": "^7.25.4",
      "@wdio/cli": "^7.25.4",
      "@wdio/cucumber-framework": "^7.25.4",
      "@wdio/local-runner": "^7.25.4",
      "@wdio/spec-reporter": "^7.25.4",
      "chromedriver": "^107.0.3",
      "wdio-chromedriver-service": "^8.0.0"
    },
    "scripts": {
      "wdio": "wdio run wdio.conf.js",
      "test": "wdio run wdio.conf.js --spec test.feature",
      "login": "wdio run wdio.conf.js --spec login.feature"
    }
  }

yarn manifest: 
  No manifest

Lockfile: 
  No lockfile
